
Resnet18  model summary


==========================================================================================
Layer (type:depth-idx)                   Output Shape              Param #
==========================================================================================
├─Conv2d: 1-1                            [-1, 64, 32, 32]          1,728
├─Sequential: 1-2                        [-1, 64, 32, 32]          --
|    └─ResnetBlock: 2-1                  [-1, 64, 32, 32]          --
|    |    └─Conv2d: 3-1                  [-1, 64, 32, 32]          36,864
|    |    └─Conv2d: 3-2                  [-1, 64, 32, 32]          36,864
|    |    └─Sequential: 3-3              [-1, 64, 32, 32]          --
|    └─ResnetBlock: 2-2                  [-1, 64, 32, 32]          --
|    |    └─Conv2d: 3-4                  [-1, 64, 32, 32]          36,864
|    |    └─Conv2d: 3-5                  [-1, 64, 32, 32]          36,864
|    |    └─Sequential: 3-6              [-1, 64, 32, 32]          --
├─Sequential: 1-3                        [-1, 128, 16, 16]         --
|    └─ResnetBlock: 2-3                  [-1, 128, 16, 16]         --
|    |    └─Conv2d: 3-7                  [-1, 128, 16, 16]         73,728
|    |    └─Conv2d: 3-8                  [-1, 128, 16, 16]         147,456
|    |    └─Sequential: 3-9              [-1, 128, 16, 16]         8,448
|    └─ResnetBlock: 2-4                  [-1, 128, 16, 16]         --
|    |    └─Conv2d: 3-10                 [-1, 128, 16, 16]         147,456
|    |    └─Conv2d: 3-11                 [-1, 128, 16, 16]         147,456
|    |    └─Sequential: 3-12             [-1, 128, 16, 16]         --
├─Sequential: 1-4                        [-1, 256, 8, 8]           --
|    └─ResnetBlock: 2-5                  [-1, 256, 8, 8]           --
|    |    └─Conv2d: 3-13                 [-1, 256, 8, 8]           294,912
|    |    └─Conv2d: 3-14                 [-1, 256, 8, 8]           589,824
|    |    └─Sequential: 3-15             [-1, 256, 8, 8]           33,280
|    └─ResnetBlock: 2-6                  [-1, 256, 8, 8]           --
|    |    └─Conv2d: 3-16                 [-1, 256, 8, 8]           589,824
|    |    └─Conv2d: 3-17                 [-1, 256, 8, 8]           589,824
|    |    └─Sequential: 3-18             [-1, 256, 8, 8]           --
├─Sequential: 1-5                        [-1, 512, 4, 4]           --
|    └─ResnetBlock: 2-7                  [-1, 512, 4, 4]           --
|    |    └─Conv2d: 3-19                 [-1, 512, 4, 4]           1,179,648
|    |    └─Conv2d: 3-20                 [-1, 512, 4, 4]           2,359,296
|    |    └─Sequential: 3-21             [-1, 512, 4, 4]           132,096
|    └─ResnetBlock: 2-8                  [-1, 512, 4, 4]           --
|    |    └─Conv2d: 3-22                 [-1, 512, 4, 4]           2,359,296
|    |    └─Conv2d: 3-23                 [-1, 512, 4, 4]           2,359,296
|    |    └─Sequential: 3-24             [-1, 512, 4, 4]           --
├─Linear: 1-6                            [-1, 10]                  5,130
==========================================================================================
Total params: 11,166,154
Trainable params: 11,166,154
Non-trainable params: 0
Total mult-adds (M): 577.92
==========================================================================================
Input size (MB): 0.01
Forward/backward pass size (MB): 5.13
Params size (MB): 42.60
Estimated Total Size (MB): 47.73
==========================================================================================


Loading Dataset


Files already downloaded and verified
Files already downloaded and verified


Training


No. of workers: 4
Cuda: cuda
Optimizer: sgd
Epoch 1/5: loss=1.5323 | acc=42.91 || Total time -> epoch: 20.5235 s | data: 1.1617 s | train: 5.6951 s

Epoch 2/5: loss=1.1113 | acc=60.18 || Total time -> epoch: 18.8538 s | data: 0.9835 s | train: 4.2430 s

Epoch 3/5: loss=0.9426 | acc=66.63 || Total time -> epoch: 18.8093 s | data: 0.9455 s | train: 4.2305 s

Epoch 4/5: loss=0.8256 | acc=70.98 || Total time -> epoch: 18.8329 s | data: 0.9803 s | train: 4.2114 s

Epoch 5/5: loss=0.7492 | acc=74.01 || Total time -> epoch: 18.8474 s | data: 0.9813 s | train: 4.2498 s

After 5 epochs: loss=0.7492 | acc=74.01 || Total time 95.8672 s | Avg Time -> epoch: 19.1734 s | data: 1.0104 s | train: 4.5260 s
