Resnet18  model summary


==========================================================================================
Layer (type:depth-idx)                   Output Shape              Param #
==========================================================================================
├─Conv2d: 1-1                            [-1, 64, 32, 32]          1,728
├─BatchNorm2d: 1-2                       [-1, 64, 32, 32]          128
├─Sequential: 1-3                        [-1, 64, 32, 32]          --
|    └─ResnetBlock: 2-1                  [-1, 64, 32, 32]          --
|    |    └─Conv2d: 3-1                  [-1, 64, 32, 32]          36,864
|    |    └─BatchNorm2d: 3-2             [-1, 64, 32, 32]          128
|    |    └─Conv2d: 3-3                  [-1, 64, 32, 32]          36,864
|    |    └─BatchNorm2d: 3-4             [-1, 64, 32, 32]          128
|    |    └─Sequential: 3-5              [-1, 64, 32, 32]          --
|    └─ResnetBlock: 2-2                  [-1, 64, 32, 32]          --
|    |    └─Conv2d: 3-6                  [-1, 64, 32, 32]          36,864
|    |    └─BatchNorm2d: 3-7             [-1, 64, 32, 32]          128
|    |    └─Conv2d: 3-8                  [-1, 64, 32, 32]          36,864
|    |    └─BatchNorm2d: 3-9             [-1, 64, 32, 32]          128
|    |    └─Sequential: 3-10             [-1, 64, 32, 32]          --
├─Sequential: 1-4                        [-1, 128, 16, 16]         --
|    └─ResnetBlock: 2-3                  [-1, 128, 16, 16]         --
|    |    └─Conv2d: 3-11                 [-1, 128, 16, 16]         73,728
|    |    └─BatchNorm2d: 3-12            [-1, 128, 16, 16]         256
|    |    └─Conv2d: 3-13                 [-1, 128, 16, 16]         147,456
|    |    └─BatchNorm2d: 3-14            [-1, 128, 16, 16]         256
|    |    └─Sequential: 3-15             [-1, 128, 16, 16]         8,448
|    └─ResnetBlock: 2-4                  [-1, 128, 16, 16]         --
|    |    └─Conv2d: 3-16                 [-1, 128, 16, 16]         147,456
|    |    └─BatchNorm2d: 3-17            [-1, 128, 16, 16]         256
|    |    └─Conv2d: 3-18                 [-1, 128, 16, 16]         147,456
|    |    └─BatchNorm2d: 3-19            [-1, 128, 16, 16]         256
|    |    └─Sequential: 3-20             [-1, 128, 16, 16]         --
├─Sequential: 1-5                        [-1, 256, 8, 8]           --
|    └─ResnetBlock: 2-5                  [-1, 256, 8, 8]           --
|    |    └─Conv2d: 3-21                 [-1, 256, 8, 8]           294,912
|    |    └─BatchNorm2d: 3-22            [-1, 256, 8, 8]           512
|    |    └─Conv2d: 3-23                 [-1, 256, 8, 8]           589,824
|    |    └─BatchNorm2d: 3-24            [-1, 256, 8, 8]           512
|    |    └─Sequential: 3-25             [-1, 256, 8, 8]           33,280
|    └─ResnetBlock: 2-6                  [-1, 256, 8, 8]           --
|    |    └─Conv2d: 3-26                 [-1, 256, 8, 8]           589,824
|    |    └─BatchNorm2d: 3-27            [-1, 256, 8, 8]           512
|    |    └─Conv2d: 3-28                 [-1, 256, 8, 8]           589,824
|    |    └─BatchNorm2d: 3-29            [-1, 256, 8, 8]           512
|    |    └─Sequential: 3-30             [-1, 256, 8, 8]           --
├─Sequential: 1-6                        [-1, 512, 4, 4]           --
|    └─ResnetBlock: 2-7                  [-1, 512, 4, 4]           --
|    |    └─Conv2d: 3-31                 [-1, 512, 4, 4]           1,179,648
|    |    └─BatchNorm2d: 3-32            [-1, 512, 4, 4]           1,024
|    |    └─Conv2d: 3-33                 [-1, 512, 4, 4]           2,359,296
|    |    └─BatchNorm2d: 3-34            [-1, 512, 4, 4]           1,024
|    |    └─Sequential: 3-35             [-1, 512, 4, 4]           132,096
|    └─ResnetBlock: 2-8                  [-1, 512, 4, 4]           --
|    |    └─Conv2d: 3-36                 [-1, 512, 4, 4]           2,359,296
|    |    └─BatchNorm2d: 3-37            [-1, 512, 4, 4]           1,024
|    |    └─Conv2d: 3-38                 [-1, 512, 4, 4]           2,359,296
|    |    └─BatchNorm2d: 3-39            [-1, 512, 4, 4]           1,024
|    |    └─Sequential: 3-40             [-1, 512, 4, 4]           --
├─Linear: 1-7                            [-1, 10]                  5,130
==========================================================================================
Total params: 11,173,962
Trainable params: 11,173,962
Non-trainable params: 0
Total mult-adds (M): 577.92
==========================================================================================
Input size (MB): 0.01
Forward/backward pass size (MB): 9.38
Params size (MB): 42.63
Estimated Total Size (MB): 52.01
==========================================================================================


Loading Dataset


Files already downloaded and verified
Files already downloaded and verified


Training


No. of workers: 1
Cuda: cpu
Optimizer: sgd
Epoch 1/5: loss=1.9610 | acc=29.80 || Total time -> epoch: 161.6784 s | data: 0.6511 s | train: 160.9322 s

Epoch 2/5: loss=1.4689 | acc=45.69 || Total time -> epoch: 172.1575 s | data: 0.7303 s | train: 171.3584 s

Epoch 3/5: loss=1.2039 | acc=56.44 || Total time -> epoch: 173.6097 s | data: 0.7077 s | train: 172.8327 s

Epoch 4/5: loss=0.9919 | acc=64.74 || Total time -> epoch: 172.3412 s | data: 0.7212 s | train: 171.5514 s

Epoch 5/5: loss=0.8535 | acc=69.86 || Total time -> epoch: 172.7205 s | data: 0.6995 s | train: 171.9519 s

After 5 epochs: loss=0.8535 | acc=69.86 || Total time 852.5074 s | Avg Time -> epoch: 170.5015 s | data: 0.7020 s | train: 169.7253 s
